<?xml version="1.0" encoding="UTF-8"?>
<!-- Generated by org.testng.reporters.JUnitReportReporter -->
<testsuite skipped="0" hostname="DESKTOP-RDHN4KM" name="APIReview.RestAssuredLoggingDemo" tests="1" failures="0" timestamp="05 May 2019 22:42:48 GMT" time="7.709" errors="0">
  <testcase name="logginTest" time="7.709" classname="APIReview.RestAssuredLoggingDemo"/>
</testsuite> <!-- APIReview.RestAssuredLoggingDemo -->
