<?xml version="1.0" encoding="UTF-8"?>
<!-- Generated by org.testng.reporters.JUnitReportReporter -->
<testsuite skipped="0" hostname="DESKTOP-RDHN4KM" name="AutomationPractice.ChromeOptionsDemo" tests="1" failures="0" timestamp="19 Mar 2019 14:46:21 GMT" time="0.566" errors="0">
  <testcase name="test" time="0.566" classname="AutomationPractice.ChromeOptionsDemo"/>
</testsuite> <!-- AutomationPractice.ChromeOptionsDemo -->
