<?xml version="1.0" encoding="UTF-8"?>
<!-- Generated by org.testng.reporters.JUnitReportReporter -->
<testsuite skipped="0" hostname="DESKTOP-RDHN4KM" name="AutomationPractice.FluentWaitDemo" tests="1" failures="0" timestamp="09 May 2019 05:42:09 GMT" time="12.019" errors="0">
  <testcase name="test" time="12.019" classname="AutomationPractice.FluentWaitDemo"/>
</testsuite> <!-- AutomationPractice.FluentWaitDemo -->
