<?xml version="1.0" encoding="UTF-8"?>
<!-- Generated by org.testng.reporters.JUnitReportReporter -->
<testsuite skipped="0" hostname="DESKTOP-RDHN4KM" name="APIReview.JsonPathDemo" tests="5" failures="0" timestamp="19 May 2019 00:05:38 GMT" time="4.761" errors="0">
  <testcase name="instructorAll" time="0.286" classname="APIReview.JsonPathDemo"/>
  <testcase name="driverInfo" time="0.672" classname="APIReview.JsonPathDemo"/>
  <testcase name="instructorOne" time="0.156" classname="APIReview.JsonPathDemo"/>
  <testcase name="driverInfo3" time="0.353" classname="APIReview.JsonPathDemo"/>
  <testcase name="driverInfo2" time="3.294" classname="APIReview.JsonPathDemo"/>
</testsuite> <!-- APIReview.JsonPathDemo -->
