<?xml version="1.0" encoding="UTF-8"?>
<!-- Generated by org.testng.reporters.JUnitReportReporter -->
<testsuite skipped="0" hostname="DESKTOP-RDHN4KM" name="APIReview.ResponseManipulation" tests="1" failures="0" timestamp="02 May 2019 15:33:04 GMT" time="2.507" errors="0">
  <testcase name="getWP1PostsTests" time="2.507" classname="APIReview.ResponseManipulation"/>
</testsuite> <!-- APIReview.ResponseManipulation -->
