<?xml version="1.0" encoding="UTF-8"?>
<!-- Generated by org.testng.reporters.JUnitReportReporter -->
<testsuite skipped="0" hostname="DESKTOP-RDHN4KM" name="CybertekAutomationReview.IFramesTextboxes" tests="1" failures="0" timestamp="08 May 2019 14:56:58 GMT" time="4.501" errors="0">
  <testcase name="switchByElement" time="4.501" classname="CybertekAutomationReview.IFramesTextboxes"/>
</testsuite> <!-- CybertekAutomationReview.IFramesTextboxes -->
