<?xml version="1.0" encoding="UTF-8"?>
<!-- Generated by org.testng.reporters.JUnitReportReporter -->
<testsuite skipped="0" hostname="DESKTOP-RDHN4KM" name="APIReview.JWTAuthenticationOnCybertek" tests="1" failures="0" timestamp="02 May 2019 22:13:45 GMT" time="3.744" errors="0">
  <testcase name="coursesModulesTest" time="3.744" classname="APIReview.JWTAuthenticationOnCybertek"/>
</testsuite> <!-- APIReview.JWTAuthenticationOnCybertek -->
