<?xml version="1.0" encoding="UTF-8"?>
<!-- Generated by org.testng.reporters.JUnitReportReporter -->
<testsuite skipped="0" hostname="DESKTOP-RDHN4KM" name="AutomationPractice.Navigate_Back_Forward" tests="1" failures="0" timestamp="17 Jun 2019 03:28:48 GMT" time="65.548" errors="0">
  <testcase name="navigate" time="65.548" classname="AutomationPractice.Navigate_Back_Forward"/>
</testsuite> <!-- AutomationPractice.Navigate_Back_Forward -->
