<?xml version="1.0" encoding="UTF-8"?>
<!-- Generated by org.testng.reporters.JUnitReportReporter -->
<testsuite skipped="0" hostname="DESKTOP-RDHN4KM" name="APIReview.WP1API" tests="1" failures="0" timestamp="29 Apr 2019 05:09:41 GMT" time="2.308" errors="0">
  <testcase name="deletePost" time="2.308" classname="APIReview.WP1API"/>
</testsuite> <!-- APIReview.WP1API -->
