<?xml version="1.0" encoding="UTF-8"?>
<!-- Generated by org.testng.reporters.JUnitReportReporter -->
<testsuite skipped="0" hostname="DESKTOP-RDHN4KM" name="AutomationPractice.DesiredCapabilitiesDemo" tests="1" failures="0" timestamp="19 Mar 2019 20:40:30 GMT" time="5.065" errors="0">
  <testcase name="desiredCapabilitiesTest" time="5.065" classname="AutomationPractice.DesiredCapabilitiesDemo"/>
</testsuite> <!-- AutomationPractice.DesiredCapabilitiesDemo -->
