<?xml version="1.0" encoding="UTF-8"?>
<!-- Generated by org.testng.reporters.JUnitReportReporter -->
<testsuite skipped="0" hostname="DESKTOP-RDHN4KM" name="AutomationPractice.Waits" tests="1" failures="0" timestamp="09 May 2019 00:40:51 GMT" time="20.539" errors="0">
  <testcase name="test1" time="20.539" classname="AutomationPractice.Waits"/>
</testsuite> <!-- AutomationPractice.Waits -->
