<?xml version="1.0" encoding="UTF-8"?>
<!-- Generated by org.testng.reporters.JUnitReportReporter -->
<testsuite skipped="0" hostname="DESKTOP-RDHN4KM" name="AutomationPractice.ExplicitWaitDemo2" tests="1" failures="0" timestamp="09 May 2019 04:53:31 GMT" time="12.283" errors="0">
  <testcase name="explicitWaitTest" time="12.283" classname="AutomationPractice.ExplicitWaitDemo2"/>
</testsuite> <!-- AutomationPractice.ExplicitWaitDemo2 -->
