<?xml version="1.0" encoding="UTF-8"?>
<!-- Generated by org.testng.reporters.JUnitReportReporter -->
<testsuite skipped="0" hostname="DESKTOP-RDHN4KM" name="APIReview.RestAssuredLoggingDemo" tests="1" failures="0" timestamp="19 May 2019 00:05:38 GMT" time="4.260" errors="0">
  <testcase name="logginTest" time="4.260" classname="APIReview.RestAssuredLoggingDemo"/>
</testsuite> <!-- APIReview.RestAssuredLoggingDemo -->
