<?xml version="1.0" encoding="UTF-8"?>
<!-- Generated by org.testng.reporters.JUnitReportReporter -->
<testsuite skipped="0" hostname="DESKTOP-RDHN4KM" name="AutomationPractice.HandleWindowsAuthenticationWinndows" tests="1" failures="0" timestamp="17 May 2019 04:53:51 GMT" time="10.920" errors="0">
  <testcase name="setUp" time="10.920" classname="AutomationPractice.HandleWindowsAuthenticationWinndows"/>
</testsuite> <!-- AutomationPractice.HandleWindowsAuthenticationWinndows -->
