<?xml version="1.0" encoding="UTF-8"?>
<!-- Generated by org.testng.reporters.JUnitReportReporter -->
<testsuite skipped="0" hostname="DESKTOP-RDHN4KM" name="APIReview.JsonPathDemoBookIt" tests="3" failures="0" timestamp="06 May 2019 02:49:55 GMT" time="9.934" errors="0">
  <testcase name="clusterAPITest" time="1.522" classname="APIReview.JsonPathDemoBookIt"/>
  <testcase name="postStudent" time="4.861" classname="APIReview.JsonPathDemoBookIt"/>
  <testcase name="postTeam" time="3.551" classname="APIReview.JsonPathDemoBookIt"/>
</testsuite> <!-- APIReview.JsonPathDemoBookIt -->
