<?xml version="1.0" encoding="UTF-8"?>
<!-- Generated by org.testng.reporters.JUnitReportReporter -->
<testsuite skipped="0" hostname="DESKTOP-RDHN4KM" name="APIReview.JSONReadDemo" tests="2" failures="0" timestamp="01 May 2019 17:25:15 GMT" time="0.035" errors="0">
  <testcase name="readJSONTest01" time="0.009" classname="APIReview.JSONReadDemo"/>
  <testcase name="getLoginInfo" time="0.026" classname="APIReview.JSONReadDemo"/>
</testsuite> <!-- APIReview.JSONReadDemo -->
