<?xml version="1.0" encoding="UTF-8"?>
<!-- Generated by org.testng.reporters.JUnitReportReporter -->
<testsuite skipped="0" hostname="DESKTOP-RDHN4KM" name="AutomationPractice.WebOrder" tests="1" failures="0" timestamp="17 May 2019 04:48:03 GMT" time="10.446" errors="0">
  <testcase name="editOrder" time="10.446" classname="AutomationPractice.WebOrder"/>
</testsuite> <!-- AutomationPractice.WebOrder -->
