<?xml version="1.0" encoding="UTF-8"?>
<!-- Generated by org.testng.reporters.JUnitReportReporter -->
<testsuite skipped="0" hostname="DESKTOP-RDHN4KM" name="AutomationPractice.VerifyLinks" tests="1" failures="0" timestamp="18 Jun 2019 22:59:00 GMT" time="85.896" errors="0">
  <testcase name="test1" time="85.896" classname="AutomationPractice.VerifyLinks"/>
</testsuite> <!-- AutomationPractice.VerifyLinks -->
