<?xml version="1.0" encoding="UTF-8"?>
<!-- Generated by org.testng.reporters.JUnitReportReporter -->
<testsuite skipped="0" hostname="DESKTOP-RDHN4KM" name="APIReview.JSONReadDemo" tests="2" failures="0" timestamp="16 May 2019 18:49:40 GMT" time="0.035" errors="0">
  <testcase name="getLoginInfo" time="0.020" classname="APIReview.JSONReadDemo"/>
  <testcase name="readJSONTest01" time="0.015" classname="APIReview.JSONReadDemo"/>
</testsuite> <!-- APIReview.JSONReadDemo -->
