<?xml version="1.0" encoding="UTF-8"?>
<!-- Generated by org.testng.reporters.JUnitReportReporter -->
<testsuite skipped="0" hostname="DESKTOP-RDHN4KM" name="APIReview.Pojo_Cybertek_Students" tests="2" failures="0" timestamp="19 May 2019 00:05:38 GMT" time="0.344" errors="0">
  <testcase name="oneStudentAPITest1" time="0.126" classname="APIReview.Pojo_Cybertek_Students"/>
  <testcase name="allStudentsAPITest" time="0.218" classname="APIReview.Pojo_Cybertek_Students"/>
</testsuite> <!-- APIReview.Pojo_Cybertek_Students -->
