<?xml version="1.0" encoding="UTF-8"?>
<!-- Generated by org.testng.reporters.JUnitReportReporter -->
<testsuite skipped="0" hostname="DESKTOP-RDHN4KM" name="APIReview.Pojo_Cybertek_Instructors" tests="2" failures="0" timestamp="16 May 2019 18:49:40 GMT" time="1.358" errors="0">
  <testcase name="allInstructorTest" time="0.204" classname="APIReview.Pojo_Cybertek_Instructors"/>
  <testcase name="oneInstructorTest" time="1.154" classname="APIReview.Pojo_Cybertek_Instructors"/>
</testsuite> <!-- APIReview.Pojo_Cybertek_Instructors -->
