<?xml version="1.0" encoding="UTF-8"?>
<!-- Generated by org.testng.reporters.JUnitReportReporter -->
<testsuite skipped="0" hostname="DESKTOP-RDHN4KM" name="AutomationPractice.HandleWindows02" tests="1" failures="0" timestamp="16 May 2019 23:02:06 GMT" time="13.201" errors="0">
  <testcase name="TestPopUp" time="13.201" classname="AutomationPractice.HandleWindows02"/>
</testsuite> <!-- AutomationPractice.HandleWindows02 -->
