<?xml version="1.0" encoding="UTF-8"?>
<!-- Generated by org.testng.reporters.JUnitReportReporter -->
<testsuite skipped="0" hostname="DESKTOP-RDHN4KM" name="APIReview.PersonPojoDemo" tests="1" failures="0" timestamp="05 May 2019 17:52:34 GMT" time="3.877" errors="0">
  <testcase name="testWithAPI" time="3.877" classname="APIReview.PersonPojoDemo"/>
</testsuite> <!-- APIReview.PersonPojoDemo -->
