<?xml version="1.0" encoding="UTF-8"?>
<!-- Generated by org.testng.reporters.JUnitReportReporter -->
<testsuite skipped="0" hostname="DESKTOP-RDHN4KM" name="APIReview.JWTAuthentication01" tests="3" failures="0" timestamp="16 May 2019 21:56:40 GMT" time="3.236" errors="0">
  <testcase name="getToken" time="0.662" classname="APIReview.JWTAuthentication01"/>
  <testcase name="postPostsWithToken" time="1.210" classname="APIReview.JWTAuthentication01"/>
  <testcase name="postUserWithJWT" time="1.364" classname="APIReview.JWTAuthentication01"/>
</testsuite> <!-- APIReview.JWTAuthentication01 -->
