<?xml version="1.0" encoding="UTF-8"?>
<!-- Generated by org.testng.reporters.JUnitReportReporter -->
<testsuite skipped="0" hostname="DESKTOP-RDHN4KM" name="AutomationPractice.AAATest" tests="1" failures="0" timestamp="20 Mar 2019 23:00:20 GMT" time="16.634" errors="0">
  <testcase name="test" time="16.634" classname="AutomationPractice.AAATest"/>
</testsuite> <!-- AutomationPractice.AAATest -->
