<?xml version="1.0" encoding="UTF-8"?>
<!-- Generated by org.testng.reporters.JUnitReportReporter -->
<testsuite skipped="0" hostname="DESKTOP-RDHN4KM" name="APIReview.JsonConversion" tests="1" failures="0" timestamp="19 May 2019 00:05:38 GMT" time="0.011" errors="0">
  <testcase name="convertXMLToJson" time="0.011" classname="APIReview.JsonConversion"/>
</testsuite> <!-- APIReview.JsonConversion -->
