<?xml version="1.0" encoding="UTF-8"?>
<!-- Generated by org.testng.reporters.JUnitReportReporter -->
<testsuite skipped="0" hostname="DESKTOP-RDHN4KM" name="APIReview.JWTAuthentication01" tests="2" failures="0" timestamp="02 May 2019 17:41:44 GMT" time="4.665" errors="0">
  <testcase name="postUserWithJWT" time="2.100" classname="APIReview.JWTAuthentication01"/>
  <testcase name="getToken" time="2.565" classname="APIReview.JWTAuthentication01"/>
</testsuite> <!-- APIReview.JWTAuthentication01 -->
