<?xml version="1.0" encoding="UTF-8"?>
<!-- Generated by org.testng.reporters.JUnitReportReporter -->
<testsuite skipped="0" hostname="DESKTOP-RDHN4KM" name="APIReview.JWTAuthentication01" tests="1" failures="0" timestamp="29 May 2019 18:16:51 GMT" time="4.257" errors="0">
  <testcase name="getToken" time="4.257" classname="APIReview.JWTAuthentication01"/>
</testsuite> <!-- APIReview.JWTAuthentication01 -->
