<?xml version="1.0" encoding="UTF-8"?>
<!-- Generated by org.testng.reporters.JUnitReportReporter -->
<testsuite skipped="0" hostname="DESKTOP-RDHN4KM" name="APIReview.QueryParameterDemo" tests="5" failures="0" timestamp="16 May 2019 18:49:40 GMT" time="4.572" errors="0">
  <testcase name="cgetAmountAndRegionTest" time="0.704" classname="APIReview.QueryParameterDemo"/>
  <testcase name="dgetAmountAndRegionGenderTest" time="0.700" classname="APIReview.QueryParameterDemo"/>
  <testcase name="amountAndRegionTest" time="0.349" classname="APIReview.QueryParameterDemo"/>
  <testcase name="agetCityNameTest" time="2.105" classname="APIReview.QueryParameterDemo"/>
  <testcase name="bgetRegionNameTest" time="0.714" classname="APIReview.QueryParameterDemo"/>
</testsuite> <!-- APIReview.QueryParameterDemo -->
