<?xml version="1.0" encoding="UTF-8"?>
<!-- Generated by org.testng.reporters.JUnitReportReporter -->
<testsuite skipped="0" hostname="DESKTOP-RDHN4KM" name="APIReview.Pojo_Cybertek_Instructors" tests="2" failures="0" timestamp="06 May 2019 15:45:07 GMT" time="3.492" errors="0">
  <testcase name="oneInstructorTest" time="0.133" classname="APIReview.Pojo_Cybertek_Instructors"/>
  <testcase name="allInstructorTest" time="3.359" classname="APIReview.Pojo_Cybertek_Instructors"/>
</testsuite> <!-- APIReview.Pojo_Cybertek_Instructors -->
