<?xml version="1.0" encoding="UTF-8"?>
<!-- Generated by org.testng.reporters.JUnitReportReporter -->
<testsuite skipped="0" hostname="DESKTOP-RDHN4KM" name="AutomationPractice.LoginToProjectWebsit" tests="1" failures="0" timestamp="01 Mar 2019 20:21:11 GMT" time="103.452" errors="0">
  <testcase name="login" time="103.452" classname="AutomationPractice.LoginToProjectWebsit"/>
</testsuite> <!-- AutomationPractice.LoginToProjectWebsit -->
