<?xml version="1.0" encoding="UTF-8"?>
<!-- Generated by org.testng.reporters.JUnitReportReporter -->
<testsuite skipped="0" hostname="DESKTOP-RDHN4KM" name="APIReview.PojoDemo_Simple" tests="1" failures="0" timestamp="16 May 2019 18:49:40 GMT" time="0.045" errors="0">
  <testcase name="personTest" time="0.045" classname="APIReview.PojoDemo_Simple"/>
</testsuite> <!-- APIReview.PojoDemo_Simple -->
