<?xml version="1.0" encoding="UTF-8"?>
<!-- Generated by org.testng.reporters.JUnitReportReporter -->
<testsuite skipped="0" hostname="DESKTOP-RDHN4KM" name="APIReview.MatcherAssert_MatchersDemo" tests="1" failures="0" timestamp="04 May 2019 20:46:18 GMT" time="0.053" errors="0">
  <testcase name="matcherAssert_Matchers_Test" time="0.053" classname="APIReview.MatcherAssert_MatchersDemo"/>
</testsuite> <!-- APIReview.MatcherAssert_MatchersDemo -->
