<?xml version="1.0" encoding="UTF-8"?>
<!-- Generated by org.testng.reporters.JUnitReportReporter -->
<testsuite skipped="0" hostname="DESKTOP-RDHN4KM" name="APIReview.JsonPathDemo_Drivers" tests="2" failures="0" timestamp="18 May 2019 22:56:38 GMT" time="2.101" errors="0">
  <testcase name="driverTestWithPojo" time="2.099" classname="APIReview.JsonPathDemo_Drivers"/>
  <testcase name="testString" time="0.002" classname="APIReview.JsonPathDemo_Drivers"/>
</testsuite> <!-- APIReview.JsonPathDemo_Drivers -->
