<?xml version="1.0" encoding="UTF-8"?>
<!-- Generated by org.testng.reporters.JUnitReportReporter -->
<testsuite skipped="0" hostname="DESKTOP-RDHN4KM" name="APIReview.JsonPayloadExample" tests="1" failures="0" timestamp="05 May 2019 06:44:30 GMT" time="6.229" errors="0">
  <testcase name="jsonPayLoadTest" time="6.229" classname="APIReview.JsonPayloadExample"/>
</testsuite> <!-- APIReview.JsonPayloadExample -->
