<?xml version="1.0" encoding="UTF-8"?>
<!-- Generated by org.testng.reporters.JUnitReportReporter -->
<testsuite skipped="0" hostname="DESKTOP-RDHN4KM" name="AutomationPractice.HandleWindow01" tests="1" failures="0" timestamp="16 May 2019 23:20:05 GMT" time="3.550" errors="0">
  <testcase name="test" time="3.550" classname="AutomationPractice.HandleWindow01"/>
</testsuite> <!-- AutomationPractice.HandleWindow01 -->
