<?xml version="1.0" encoding="UTF-8"?>
<!-- Generated by org.testng.reporters.JUnitReportReporter -->
<testsuite skipped="0" hostname="DESKTOP-RDHN4KM" name="APIReview.WPUtilityDemo" tests="3" failures="0" timestamp="29 Apr 2019 19:21:37 GMT" time="5.025" errors="0">
  <testcase name="create_user_with_role" time="3.190" classname="APIReview.WPUtilityDemo"/>
  <testcase name="update_user" time="1.335" classname="APIReview.WPUtilityDemo"/>
  <testcase name="delete_user" time="0.500" classname="APIReview.WPUtilityDemo"/>
</testsuite> <!-- APIReview.WPUtilityDemo -->
