<?xml version="1.0" encoding="UTF-8"?>
<!-- Generated by org.testng.reporters.JUnitReportReporter -->
<testsuite skipped="0" hostname="DESKTOP-RDHN4KM" name="APIReview.WP1_Map_Pojo_InsteadOfJsonPath" tests="1" failures="0" timestamp="16 May 2019 21:56:40 GMT" time="3.328" errors="0">
  <testcase name="post_User_With_PojoClass" time="3.328" classname="APIReview.WP1_Map_Pojo_InsteadOfJsonPath"/>
</testsuite> <!-- APIReview.WP1_Map_Pojo_InsteadOfJsonPath -->
