<?xml version="1.0" encoding="UTF-8"?>
<!-- Generated by org.testng.reporters.JUnitReportReporter -->
<testsuite skipped="0" hostname="DESKTOP-RDHN4KM" name="APIReview.QueryParameterDemo" tests="5" failures="0" timestamp="05 May 2019 20:10:23 GMT" time="6.601" errors="0">
  <testcase name="agetCityNameTest" time="3.530" classname="APIReview.QueryParameterDemo"/>
  <testcase name="amountAndRegionTest" time="0.426" classname="APIReview.QueryParameterDemo"/>
  <testcase name="dgetAmountAndRegionGenderTest" time="0.834" classname="APIReview.QueryParameterDemo"/>
  <testcase name="bgetRegionNameTest" time="1.031" classname="APIReview.QueryParameterDemo"/>
  <testcase name="cgetAmountAndRegionTest" time="0.780" classname="APIReview.QueryParameterDemo"/>
</testsuite> <!-- APIReview.QueryParameterDemo -->
