<?xml version="1.0" encoding="UTF-8"?>
<!-- Generated by org.testng.reporters.JUnitReportReporter -->
<testsuite skipped="0" hostname="DESKTOP-RDHN4KM" name="APIReview.ResponseBodyVerification" tests="4" failures="0" timestamp="05 May 2019 22:47:24 GMT" time="5.612" errors="0">
  <testcase name="testBody3" time="0.570" classname="APIReview.ResponseBodyVerification"/>
  <testcase name="verifyNumberOfResults" time="0.459" classname="APIReview.ResponseBodyVerification"/>
  <testcase name="testBody2" time="0.476" classname="APIReview.ResponseBodyVerification"/>
  <testcase name="testBody" time="4.107" classname="APIReview.ResponseBodyVerification"/>
</testsuite> <!-- APIReview.ResponseBodyVerification -->
