<?xml version="1.0" encoding="UTF-8"?>
<!-- Generated by org.testng.reporters.JUnitReportReporter -->
<testsuite skipped="0" hostname="DESKTOP-RDHN4KM" name="APIReview.Pojo_Cybertek_Students" tests="2" failures="0" timestamp="06 May 2019 14:15:55 GMT" time="3.286" errors="0">
  <testcase name="oneStudentAPITest1" time="0.148" classname="APIReview.Pojo_Cybertek_Students"/>
  <testcase name="allStudentsAPITest" time="3.138" classname="APIReview.Pojo_Cybertek_Students"/>
</testsuite> <!-- APIReview.Pojo_Cybertek_Students -->
