<?xml version="1.0" encoding="UTF-8"?>
<!-- Generated by org.testng.reporters.JUnitReportReporter -->
<testsuite skipped="0" hostname="DESKTOP-RDHN4KM" name="AutomationPractice.Cookies01" tests="1" failures="0" timestamp="22 Jun 2019 05:51:35 GMT" time="14.467" errors="0">
  <testcase name="cookiesTest01" time="14.467" classname="AutomationPractice.Cookies01"/>
</testsuite> <!-- AutomationPractice.Cookies01 -->
