<?xml version="1.0" encoding="UTF-8"?>
<!-- Generated by org.testng.reporters.JUnitReportReporter -->
<testsuite skipped="0" hostname="DESKTOP-RDHN4KM" name="APIReview.JSONReadDemo" tests="2" failures="0" timestamp="17 May 2019 04:42:05 GMT" time="0.037" errors="0">
  <testcase name="getLoginInfo" time="0.027" classname="APIReview.JSONReadDemo"/>
  <testcase name="readJSONTest01" time="0.010" classname="APIReview.JSONReadDemo"/>
</testsuite> <!-- APIReview.JSONReadDemo -->
