<?xml version="1.0" encoding="UTF-8"?>
<!-- Generated by org.testng.reporters.JUnitReportReporter -->
<testsuite skipped="0" hostname="DESKTOP-RDHN4KM" name="AutomationPractice.Porsche" tests="1" failures="0" timestamp="02 Mar 2019 06:21:05 GMT" time="31.333" errors="0">
  <testcase name="test" time="31.333" classname="AutomationPractice.Porsche"/>
</testsuite> <!-- AutomationPractice.Porsche -->
