<?xml version="1.0" encoding="UTF-8"?>
<!-- Generated by org.testng.reporters.JUnitReportReporter -->
<testsuite skipped="0" hostname="DESKTOP-RDHN4KM" name="APIReview.PojoDemo_Simple" tests="1" failures="0" timestamp="17 May 2019 05:15:13 GMT" time="0.025" errors="0">
  <testcase name="personTest" time="0.025" classname="APIReview.PojoDemo_Simple"/>
</testsuite> <!-- APIReview.PojoDemo_Simple -->
