<?xml version="1.0" encoding="UTF-8"?>
<!-- Generated by org.testng.reporters.JUnitReportReporter -->
<testsuite skipped="0" hostname="DESKTOP-RDHN4KM" name="AutomationPractice.Cookies01" tests="1" failures="0" timestamp="24 Apr 2019 17:18:37 GMT" time="22.299" errors="0">
  <testcase name="cookiesTest01" time="22.299" classname="AutomationPractice.Cookies01"/>
</testsuite> <!-- AutomationPractice.Cookies01 -->
