<?xml version="1.0" encoding="UTF-8"?>
<!-- Generated by org.testng.reporters.JUnitReportReporter -->
<testsuite skipped="0" hostname="DESKTOP-RDHN4KM" name="AutomationPractice.ExplicitWaitDemo1" tests="1" failures="0" timestamp="09 May 2019 03:56:34 GMT" time="21.773" errors="0">
  <testcase name="test" time="21.773" classname="AutomationPractice.ExplicitWaitDemo1"/>
</testsuite> <!-- AutomationPractice.ExplicitWaitDemo1 -->
