<?xml version="1.0" encoding="UTF-8"?>
<!-- Generated by org.testng.reporters.JUnitReportReporter -->
<testsuite skipped="0" hostname="DESKTOP-RDHN4KM" name="APIReview.WP1_API_Users" tests="1" failures="0" timestamp="29 Apr 2019 18:17:17 GMT" time="2.245" errors="0">
  <testcase name="user_cannot_see_other_user_info" time="2.245" classname="APIReview.WP1_API_Users"/>
</testsuite> <!-- APIReview.WP1_API_Users -->
