<?xml version="1.0" encoding="UTF-8"?>
<!-- Generated by org.testng.reporters.JUnitReportReporter -->
<testsuite skipped="0" hostname="DESKTOP-RDHN4KM" name="APIReview.PojoDemo_Drivers" tests="2" failures="0" timestamp="18 May 2019 04:49:06 GMT" time="3.168" errors="0">
  <testcase name="personTest" time="0.398" classname="APIReview.PojoDemo_Drivers"/>
  <testcase name="driversTest" time="2.770" classname="APIReview.PojoDemo_Drivers"/>
</testsuite> <!-- APIReview.PojoDemo_Drivers -->
