<?xml version="1.0" encoding="UTF-8"?>
<!-- Generated by org.testng.reporters.JUnitReportReporter -->
<testsuite skipped="0" hostname="DESKTOP-RDHN4KM" name="APIReview.JsonPathDemo" tests="1" failures="0" timestamp="01 May 2019 17:05:40 GMT" time="2.520" errors="0">
  <testcase name="driverInfo3" time="2.520" classname="APIReview.JsonPathDemo"/>
</testsuite> <!-- APIReview.JsonPathDemo -->
