<?xml version="1.0" encoding="UTF-8"?>
<!-- Generated by org.testng.reporters.JUnitReportReporter -->
<testsuite skipped="0" hostname="DESKTOP-RDHN4KM" name="AutomationPractice.WebTable02" tests="1" failures="0" timestamp="01 Mar 2019 18:48:49 GMT" time="5.235" errors="0">
  <testcase name="setUp" time="5.235" classname="AutomationPractice.WebTable02"/>
</testsuite> <!-- AutomationPractice.WebTable02 -->
