<?xml version="1.0" encoding="UTF-8"?>
<!-- Generated by org.testng.reporters.JUnitReportReporter -->
<testsuite skipped="0" hostname="DESKTOP-RDHN4KM" name="APIReview.MatcherAssert_MatchersDemo" tests="1" failures="0" timestamp="16 May 2019 18:49:40 GMT" time="0.017" errors="0">
  <testcase name="matcherAssert_Matchers_Test" time="0.017" classname="APIReview.MatcherAssert_MatchersDemo"/>
</testsuite> <!-- APIReview.MatcherAssert_MatchersDemo -->
