<?xml version="1.0" encoding="UTF-8"?>
<!-- Generated by org.testng.reporters.JUnitReportReporter -->
<testsuite skipped="0" hostname="DESKTOP-RDHN4KM" name="APIReview.JWTAuthentication01" tests="3" failures="0" timestamp="19 May 2019 00:05:38 GMT" time="3.431" errors="0">
  <testcase name="getToken" time="1.723" classname="APIReview.JWTAuthentication01"/>
  <testcase name="postPostsWithToken" time="1.055" classname="APIReview.JWTAuthentication01"/>
  <testcase name="postUserWithJWT" time="0.653" classname="APIReview.JWTAuthentication01"/>
</testsuite> <!-- APIReview.JWTAuthentication01 -->
