<?xml version="1.0" encoding="UTF-8"?>
<!-- Generated by org.testng.reporters.JUnitReportReporter -->
<testsuite skipped="0" hostname="DESKTOP-RDHN4KM" name="APIReview.QueryParameterDemo" tests="5" failures="0" timestamp="19 May 2019 00:05:38 GMT" time="3.090" errors="0">
  <testcase name="agetCityNameTest" time="0.671" classname="APIReview.QueryParameterDemo"/>
  <testcase name="bgetRegionNameTest" time="0.706" classname="APIReview.QueryParameterDemo"/>
  <testcase name="cgetAmountAndRegionTest" time="0.691" classname="APIReview.QueryParameterDemo"/>
  <testcase name="amountAndRegionTest" time="0.355" classname="APIReview.QueryParameterDemo"/>
  <testcase name="dgetAmountAndRegionGenderTest" time="0.667" classname="APIReview.QueryParameterDemo"/>
</testsuite> <!-- APIReview.QueryParameterDemo -->
