<?xml version="1.0" encoding="UTF-8"?>
<!-- Generated by org.testng.reporters.JUnitReportReporter -->
<testsuite skipped="0" hostname="DESKTOP-RDHN4KM" name="APIReview.GetAPIData" tests="1" failures="0" timestamp="02 May 2019 22:37:01 GMT" time="3.614" errors="0">
  <testcase name="testAPIData2" time="3.614" classname="APIReview.GetAPIData"/>
</testsuite> <!-- APIReview.GetAPIData -->
