<?xml version="1.0" encoding="UTF-8"?>
<!-- Generated by org.testng.reporters.JUnitReportReporter -->
<testsuite skipped="0" hostname="DESKTOP-RDHN4KM" name="APIReview.PojoDemo_Person" tests="2" failures="0" timestamp="05 May 2019 20:44:56 GMT" time="5.352" errors="0">
  <testcase name="testWithAPI" time="4.180" classname="APIReview.PojoDemo_Person"/>
  <testcase name="testWithQueryParam" time="1.172" classname="APIReview.PojoDemo_Person"/>
</testsuite> <!-- APIReview.PojoDemo_Person -->
