<?xml version="1.0" encoding="UTF-8"?>
<!-- Generated by org.testng.reporters.JUnitReportReporter -->
<testsuite skipped="0" hostname="DESKTOP-RDHN4KM" name="AutomationPractice.ScreenShot" tests="1" failures="0" timestamp="23 Jun 2019 06:06:21 GMT" time="14.366" errors="0">
  <testcase name="screenshot" time="14.366" classname="AutomationPractice.ScreenShot"/>
</testsuite> <!-- AutomationPractice.ScreenShot -->
