<?xml version="1.0" encoding="UTF-8"?>
<!-- Generated by org.testng.reporters.JUnitReportReporter -->
<testsuite skipped="0" hostname="DESKTOP-RDHN4KM" name="AutomationPractice.UnclickableLink" tests="2" failures="0" timestamp="16 Jun 2019 22:23:13 GMT" time="4.224" errors="0">
  <testcase name="testClick" time="0.116" classname="AutomationPractice.UnclickableLink"/>
  <testcase name="testMouseOver" time="4.108" classname="AutomationPractice.UnclickableLink"/>
</testsuite> <!-- AutomationPractice.UnclickableLink -->
