<?xml version="1.0" encoding="UTF-8"?>
<!-- Generated by org.testng.reporters.JUnitReportReporter -->
<testsuite skipped="0" hostname="DESKTOP-RDHN4KM" name="APIReview.JsonPathDemoBookIt2" tests="1" failures="0" timestamp="06 May 2019 22:48:38 GMT" time="0.868" errors="1">
  <testcase name="clusterAPITest" time="0.868" classname="APIReview.JsonPathDemoBookIt2">
    <error type="com.fasterxml.jackson.databind.exc.MismatchedInputException" message="Cannot deserialize instance of `ModelClasses.Bookit.Clusters` out of START_ARRAY token
 at [Source: (String)&quot;[{&quot;id&quot;:3,&quot;name&quot;:&quot;light-side&quot;,&quot;rooms&quot;:[{&quot;id&quot;:112,&quot;name&quot;:&quot;harvard&quot;,&quot;description&quot;:&quot;veritas&quot;,&quot;capacity&quot;:6,&quot;withTV&quot;:true,&quot;withWhiteBoard&quot;:false},{&quot;id&quot;:113,&quot;name&quot;:&quot;yale&quot;,&quot;description&quot;:&quot;lux et veritas&quot;,&quot;capacity&quot;:6,&quot;withTV&quot;:true,&quot;withWhiteBoard&quot;:false},{&quot;id&quot;:114,&quot;name&quot;:&quot;princeton&quot;,&quot;description&quot;:&quot;dei sub numine viget&quot;,&quot;capacity&quot;:4,&quot;withTV&quot;:true,&quot;withWhiteBoard&quot;:false},{&quot;id&quot;:115,&quot;name&quot;:&quot;stanford&quot;,&quot;description&quot;:&quot;die luft der freiheit weht&quot;,&quot;capacity&quot;:6,&quot;withTV&quot;:false,&quot;withWhiteBoard&quot;:true},{&quot;id&quot;:116,&quot;name&quot;[truncated 1776 chars]; line: 1, column: 1]">
      <![CDATA[com.fasterxml.jackson.databind.exc.MismatchedInputException: Cannot deserialize instance of `ModelClasses.Bookit.Clusters` out of START_ARRAY token
 at [Source: (String)"[{"id":3,"name":"light-side","rooms":[{"id":112,"name":"harvard","description":"veritas","capacity":6,"withTV":true,"withWhiteBoard":false},{"id":113,"name":"yale","description":"lux et veritas","capacity":6,"withTV":true,"withWhiteBoard":false},{"id":114,"name":"princeton","description":"dei sub numine viget","capacity":4,"withTV":true,"withWhiteBoard":false},{"id":115,"name":"stanford","description":"die luft der freiheit weht","capacity":6,"withTV":false,"withWhiteBoard":true},{"id":116,"name"[truncated 1776 chars]; line: 1, column: 1]
at com.fasterxml.jackson.databind.exc.MismatchedInputException.from(MismatchedInputException.java:63)
at com.fasterxml.jackson.databind.DeserializationContext.reportInputMismatch(DeserializationContext.java:1343)
at com.fasterxml.jackson.databind.DeserializationContext.handleUnexpectedToken(DeserializationContext.java:1139)
at com.fasterxml.jackson.databind.DeserializationContext.handleUnexpectedToken(DeserializationContext.java:1093)
at com.fasterxml.jackson.databind.deser.BeanDeserializerBase.deserializeFromArray(BeanDeserializerBase.java:1461)
at com.fasterxml.jackson.databind.deser.BeanDeserializer._deserializeOther(BeanDeserializer.java:185)
at com.fasterxml.jackson.databind.deser.BeanDeserializer.deserialize(BeanDeserializer.java:161)
at com.fasterxml.jackson.databind.ObjectMapper._readMapAndClose(ObjectMapper.java:4013)
at com.fasterxml.jackson.databind.ObjectMapper.readValue(ObjectMapper.java:3004)
at APIReview.JsonPathDemoBookIt2.clusterAPITest(JsonPathDemoBookIt2.java:46)
at sun.reflect.NativeMethodAccessorImpl.invoke0(Native Method)
at sun.reflect.NativeMethodAccessorImpl.invoke(NativeMethodAccessorImpl.java:62)
at sun.reflect.DelegatingMethodAccessorImpl.invoke(DelegatingMethodAccessorImpl.java:43)
at java.lang.reflect.Method.invoke(Method.java:498)
at org.testng.internal.MethodInvocationHelper.invokeMethod(MethodInvocationHelper.java:124)
at org.testng.internal.Invoker.invokeMethod(Invoker.java:583)
at org.testng.internal.Invoker.invokeTestMethod(Invoker.java:719)
at org.testng.internal.Invoker.invokeTestMethods(Invoker.java:989)
at org.testng.internal.TestMethodWorker.invokeTestMethods(TestMethodWorker.java:125)
at org.testng.internal.TestMethodWorker.run(TestMethodWorker.java:109)
at org.testng.TestRunner.privateRun(TestRunner.java:648)
at org.testng.TestRunner.run(TestRunner.java:505)
at org.testng.SuiteRunner.runTest(SuiteRunner.java:455)
at org.testng.SuiteRunner.runSequentially(SuiteRunner.java:450)
at org.testng.SuiteRunner.privateRun(SuiteRunner.java:415)
at org.testng.SuiteRunner.run(SuiteRunner.java:364)
at org.testng.SuiteRunnerWorker.runSuite(SuiteRunnerWorker.java:52)
at org.testng.SuiteRunnerWorker.run(SuiteRunnerWorker.java:84)
at org.testng.TestNG.runSuitesSequentially(TestNG.java:1208)
at org.testng.TestNG.runSuitesLocally(TestNG.java:1137)
at org.testng.TestNG.runSuites(TestNG.java:1049)
at org.testng.TestNG.run(TestNG.java:1017)
at org.testng.remote.AbstractRemoteTestNG.run(AbstractRemoteTestNG.java:114)
at org.testng.remote.RemoteTestNG.initAndRun(RemoteTestNG.java:251)
at org.testng.remote.RemoteTestNG.main(RemoteTestNG.java:77)
]]>
    </error>
  </testcase> <!-- clusterAPITest -->
</testsuite> <!-- APIReview.JsonPathDemoBookIt2 -->
