<?xml version="1.0" encoding="UTF-8"?>
<!-- Generated by org.testng.reporters.JUnitReportReporter -->
<testsuite skipped="0" hostname="DESKTOP-RDHN4KM" name="AutomationPractice.ExplicitWaitDemo" tests="1" failures="0" timestamp="09 May 2019 00:48:29 GMT" time="15.906" errors="0">
  <testcase name="test" time="15.906" classname="AutomationPractice.ExplicitWaitDemo"/>
</testsuite> <!-- AutomationPractice.ExplicitWaitDemo -->
