<?xml version="1.0" encoding="UTF-8"?>
<!-- Generated by org.testng.reporters.JUnitReportReporter -->
<testsuite skipped="0" hostname="DESKTOP-RDHN4KM" name="APIReview.GetAPIData" tests="2" failures="0" timestamp="16 May 2019 21:03:31 GMT" time="3.913" errors="0">
  <testcase name="testAPIData2" time="1.368" classname="APIReview.GetAPIData"/>
  <testcase name="testAPIData1" time="2.545" classname="APIReview.GetAPIData"/>
</testsuite> <!-- APIReview.GetAPIData -->
