<?xml version="1.0" encoding="UTF-8"?>
<!-- Generated by org.testng.reporters.JUnitReportReporter -->
<testsuite skipped="0" hostname="DESKTOP-RDHN4KM" name="APIReview.QueryParameterDemo" tests="5" failures="0" timestamp="19 May 2019 00:31:06 GMT" time="3.174" errors="0">
  <testcase name="amountAndRegionTest" time="0.361" classname="APIReview.QueryParameterDemo"/>
  <testcase name="agetCityNameTest" time="0.692" classname="APIReview.QueryParameterDemo"/>
  <testcase name="cgetAmountAndRegionTest" time="0.718" classname="APIReview.QueryParameterDemo"/>
  <testcase name="dgetAmountAndRegionGenderTest" time="0.690" classname="APIReview.QueryParameterDemo"/>
  <testcase name="bgetRegionNameTest" time="0.713" classname="APIReview.QueryParameterDemo"/>
</testsuite> <!-- APIReview.QueryParameterDemo -->
