<?xml version="1.0" encoding="UTF-8"?>
<!-- Generated by org.testng.reporters.JUnitReportReporter -->
<testsuite skipped="0" hostname="DESKTOP-RDHN4KM" name="APIReview.Pojo_Cybertek_Students" tests="2" failures="0" timestamp="19 May 2019 00:31:06 GMT" time="0.356" errors="0">
  <testcase name="allStudentsAPITest" time="0.243" classname="APIReview.Pojo_Cybertek_Students"/>
  <testcase name="oneStudentAPITest1" time="0.113" classname="APIReview.Pojo_Cybertek_Students"/>
</testsuite> <!-- APIReview.Pojo_Cybertek_Students -->
