<?xml version="1.0" encoding="UTF-8"?>
<!-- Generated by org.testng.reporters.JUnitReportReporter -->
<testsuite skipped="0" hostname="DESKTOP-RDHN4KM" name="APIReview.WP1_API_Users" tests="1" failures="0" timestamp="19 May 2019 00:19:40 GMT" time="0.526" errors="0">
  <testcase name="user_cannot_see_other_user_info" time="0.526" classname="APIReview.WP1_API_Users"/>
</testsuite> <!-- APIReview.WP1_API_Users -->
