<?xml version="1.0" encoding="UTF-8"?>
<!-- Generated by org.testng.reporters.JUnitReportReporter -->
<testsuite skipped="0" hostname="DESKTOP-RDHN4KM" name="APIReview.JWTAuthenticationOnCybertek" tests="1" failures="0" timestamp="19 May 2019 00:31:06 GMT" time="0.785" errors="0">
  <testcase name="coursesModulesTest" time="0.785" classname="APIReview.JWTAuthenticationOnCybertek"/>
</testsuite> <!-- APIReview.JWTAuthenticationOnCybertek -->
