<?xml version="1.0" encoding="UTF-8"?>
<!-- Generated by org.testng.reporters.JUnitReportReporter -->
<testsuite skipped="0" hostname="DESKTOP-RDHN4KM" name="APIReview.LoginDemo" tests="1" failures="0" timestamp="19 May 2019 00:19:40 GMT" time="0.324" errors="0">
  <testcase name="userNamePasswordTest" time="0.324" classname="APIReview.LoginDemo"/>
</testsuite> <!-- APIReview.LoginDemo -->
