<?xml version="1.0" encoding="UTF-8"?>
<!-- Generated by org.testng.reporters.JUnitReportReporter -->
<testsuite skipped="0" hostname="DESKTOP-RDHN4KM" name="APIReview.WP1_Map_Pojo_InsteadOfJsonPath" tests="1" failures="0" timestamp="19 May 2019 00:31:06 GMT" time="2.548" errors="0">
  <testcase name="post_User_With_PojoClass" time="2.548" classname="APIReview.WP1_Map_Pojo_InsteadOfJsonPath"/>
</testsuite> <!-- APIReview.WP1_Map_Pojo_InsteadOfJsonPath -->
