<?xml version="1.0" encoding="UTF-8"?>
<!-- Generated by org.testng.reporters.JUnitReportReporter -->
<testsuite skipped="0" hostname="DESKTOP-RDHN4KM" name="APIReview.JWTAuthentication01" tests="3" failures="0" timestamp="19 May 2019 00:19:40 GMT" time="1.827" errors="0">
  <testcase name="getToken" time="0.415" classname="APIReview.JWTAuthentication01"/>
  <testcase name="postPostsWithToken" time="0.762" classname="APIReview.JWTAuthentication01"/>
  <testcase name="postUserWithJWT" time="0.650" classname="APIReview.JWTAuthentication01"/>
</testsuite> <!-- APIReview.JWTAuthentication01 -->
