<?xml version="1.0" encoding="UTF-8"?>
<!-- Generated by org.testng.reporters.JUnitReportReporter -->
<testsuite skipped="0" hostname="DESKTOP-RDHN4KM" name="APIReview.Pojo_JsonPathDemo_Drivers" tests="4" failures="0" timestamp="19 May 2019 00:31:06 GMT" time="0.638" errors="0">
  <testcase name="personTest" time="0.004" classname="APIReview.Pojo_JsonPathDemo_Drivers"/>
  <testcase name="driverTestWithPojo" time="0.303" classname="APIReview.Pojo_JsonPathDemo_Drivers"/>
  <testcase name="testString" time="0.002" classname="APIReview.Pojo_JsonPathDemo_Drivers"/>
  <testcase name="driversTestWithJsonPath" time="0.329" classname="APIReview.Pojo_JsonPathDemo_Drivers"/>
</testsuite> <!-- APIReview.Pojo_JsonPathDemo_Drivers -->
