<?xml version="1.0" encoding="UTF-8"?>
<!-- Generated by org.testng.reporters.JUnitReportReporter -->
<testsuite skipped="0" hostname="DESKTOP-RDHN4KM" name="APIReview.GetAPIData" tests="2" failures="0" timestamp="19 May 2019 00:19:40 GMT" time="3.680" errors="0">
  <testcase name="testAPIData1" time="2.237" classname="APIReview.GetAPIData"/>
  <testcase name="testAPIData2" time="1.443" classname="APIReview.GetAPIData"/>
</testsuite> <!-- APIReview.GetAPIData -->
