<?xml version="1.0" encoding="UTF-8"?>
<!-- Generated by org.testng.reporters.JUnitReportReporter -->
<testsuite skipped="0" hostname="DESKTOP-RDHN4KM" name="APIReview.JsonPathDemo" tests="5" failures="0" timestamp="19 May 2019 00:19:40 GMT" time="6.120" errors="0">
  <testcase name="instructorAll" time="0.250" classname="APIReview.JsonPathDemo"/>
  <testcase name="driverInfo2" time="4.937" classname="APIReview.JsonPathDemo"/>
  <testcase name="driverInfo" time="0.418" classname="APIReview.JsonPathDemo"/>
  <testcase name="instructorOne" time="0.151" classname="APIReview.JsonPathDemo"/>
  <testcase name="driverInfo3" time="0.364" classname="APIReview.JsonPathDemo"/>
</testsuite> <!-- APIReview.JsonPathDemo -->
