<?xml version="1.0" encoding="UTF-8"?>
<!-- Generated by org.testng.reporters.JUnitReportReporter -->
<testsuite skipped="0" hostname="DESKTOP-RDHN4KM" name="APIReview.JsonPathDemo" tests="5" failures="0" timestamp="19 May 2019 00:31:06 GMT" time="4.662" errors="0">
  <testcase name="driverInfo" time="0.427" classname="APIReview.JsonPathDemo"/>
  <testcase name="instructorAll" time="0.292" classname="APIReview.JsonPathDemo"/>
  <testcase name="instructorOne" time="0.166" classname="APIReview.JsonPathDemo"/>
  <testcase name="driverInfo2" time="3.287" classname="APIReview.JsonPathDemo"/>
  <testcase name="driverInfo3" time="0.490" classname="APIReview.JsonPathDemo"/>
</testsuite> <!-- APIReview.JsonPathDemo -->
