<?xml version="1.0" encoding="UTF-8"?>
<!-- Generated by org.testng.reporters.JUnitReportReporter -->
<testsuite skipped="0" hostname="DESKTOP-RDHN4KM" name="APIReview.Pojo_Cybertek_Instructors" tests="2" failures="0" timestamp="19 May 2019 00:19:40 GMT" time="0.297" errors="0">
  <testcase name="oneInstructorTest" time="0.110" classname="APIReview.Pojo_Cybertek_Instructors"/>
  <testcase name="allInstructorTest" time="0.187" classname="APIReview.Pojo_Cybertek_Instructors"/>
</testsuite> <!-- APIReview.Pojo_Cybertek_Instructors -->
